<?xml version="1.0" encoding="UTF-8"?>
<!-- Generated by org.testng.reporters.JUnitReportReporter -->
<testsuite hostname="NYCD5042" name="demo.createaccount.CreateAccount" tests="1" failures="0" timestamp="8 Sep 2016 20:57:54 GMT" time="5.566" errors="0">
  <testcase name="createValidAccount" time="5.566" classname="demo.createaccount.CreateAccount"/>
</testsuite> <!-- demo.createaccount.CreateAccount -->
